n/1708154264446.jpg
n/1708154264445.jpg
n/1708154264443.jpg
n/1708154264442.jpg
n/1708154264441.jpg
n/1708154264440.jpg
n/1708154264412.jpg
n/1708154264411.jpg
n/1708154264410.jpg
n/1708154264460.jpg
n/1708154264458.jpg
n/1708154264456.jpg
n/1708154264455.jpg
n/1708154264454.jpg
n/1708154264453.jpg
n/1708154264451.jpg
n/1708154264450.jpg
n/1708154264449.jpg
n/1708154264432.jpg
n/1708154264418.jpg
n/1708154264406.jpg
n/1708154264394.jpg
n/1708154215317.jpg
n/1708154264382.jpg
n/1708154264381.jpg
n/1708154264380.jpg
n/rgfe.jpg
n/1708154249221.jpg
n/1708154281719.jpg
n/1708154281718.jpg
n/1708154281717.jpg
n/1708154281715.jpg
n/1708154281714.jpg
n/1708154281713.jpg
n/1708154281711.jpg
n/1708154281710.jpg
n/1708154281709.jpg
n/1708154281708.jpg
n/1708154281705.jpg
n/1708154281704.jpg
n/1708154281702.jpg
n/1708154281701.jpg
n/1708154281700.jpg
n/1708154281698.jpg
n/1708154281697.jpg
n/1708154281696.jpg
n/dfgedg.jpg
n/1708154264474.jpg
n/1708154264471.jpg
n/1708154264470.jpg
n/1708154264469.jpg
n/1708154264468.jpg
n/1708154264467.jpg
n/1708154264466.jpg
n/1708154264465.jpg
n/1708154264464.jpg
n/1708154264463.jpg
n/1708154264461.jpg
n/1708154264459.jpg
n/1708154264428.jpg
n/1708154264427.jpg
n/1708154264425.jpg
n/1708154264424.jpg
n/1708154264423.jpg
n/1708154264421.jpg
n/1708154264420.jpg
n/1708154264419.jpg
n/1708154264416.jpg
n/1708154264409.jpg
n/1708154264415.jpg
n/1708154264414.jpg
n/1708154264413.jpg
n/1708154264438.jpg
n/1708154264437.jpg
n/1708154264436.jpg
n/1708154264435.jpg
n/1708154264434.jpg
n/1708154264431.jpg
n/1708154264430.jpg
n/1708154264399.jpg
n/1708154264398.jpg
n/1708154264397.jpg
n/1708154264396.jpg
n/1708154264393.jpg
n/dfg.jpg
n/1708154281707.jpg
n/1708154264408.jpg
n/1708154264389.jpg
n/1708154264388.jpg
n/1708154264387.jpg
n/1708154215317.png
n/ergeg.png
n/1708154249221.png
n/1708154264472.png
n/1708154264386.jpg
n/1708154264385.jpg
n/1708154264472.jpg
n/1708154264400.jpg
n/1708154264460.png
n/1708154264418.png
n/1708154264384.jpg
n/1708154264383.jpg
n/1708154264407.jpg
n/1708154264405.jpg
n/1708154264402.jpg
n/1708154264401.jpg
n/1708154264447.jpg
n/1708154264390.jpg
n/1708154264394.png
n/1708154264446.png
n/1708154264406.png
n/1708154264404.jpg
n/1708154264403.jpg
n/1708154264432.png
n/1708154281707.png
n/wetb.png