p/1708141275808.jpg 1 0 0 79 55
p/1708141275775.jpg 1 0 0 75 70
p/1708141275844.jpg 1 0 0 122 68
p/1708141275836.jpg 1 0 0 114 104
p/1708141275835.jpg 1 0 0 126 111
p/1708141275834.jpg 1 0 0 120 75
p/1708141275833.jpg 1 0 0 83 63
p/1708141275832.jpg 1 0 0 113 98
p/1708141275830.jpg 1 0 0 94 83
p/1708141275829.jpg 1 0 0 124 73
p/1708141275812.jpg 1 0 0 100 59
p/1708141275811.jpg 1 0 0 99 80
p/1708141275810.jpg 1 0 0 113 82
p/1708141275783.jpg 1 0 0 103 66
p/1708141275827.jpg 1 0 0 71 77
p/1708141275826.jpg 1 0 0 79 70
p/1708141275825.jpg 1 0 0 83 79
p/1708141275824.jpg 1 0 0 55 49
p/1708141275823.jpg 1 0 0 86 97
p/1708141275822.jpg 1 0 0 64 67
p/1708141275821.jpg 1 0 0 88 65
p/1708141275818.jpg 1 0 0 98 87
p/1708141275817.jpg 1 0 0 80 82
p/1708141275816.jpg 1 0 0 60 61
p/1708141275815.jpg 1 0 0 77 72
p/1708141275814.jpg 1 0 0 94 82
p/1708141275813.jpg 1 0 0 88 85
p/1708141275780.jpg 1 0 0 84 101
p/1708141275779.jpg 1 0 0 69 49
p/1708141275778.jpg 1 0 0 79 70
p/1708141275777.jpg 1 0 0 56 77
p/1708141275776.jpg 1 0 0 65 68
p/1708141275774.jpg 1 0 0 102 84
p/1708141275772.jpg 1 0 0 97 73
p/1708141275807.jpg 1 0 0 74 70
p/1708141275769.jpg 1 0 0 86 67
p/1708141275768.jpg 1 0 0 79 69
p/1708141275771.jpg 1 0 0 85 69
p/1708141275766.jpg 1 0 0 89 104
p/1708141275765.jpg 1 0 0 80 92
p/1708141275764.jpg 1 0 0 82 82
p/1708141275763.jpg 1 0 0 53 54
p/1708141275853.jpg 1 0 0 62 73
p/1708141275842.jpg 1 0 0 65 78
p/1708141275831.jpg 1 0 0 83 76
p/1708141275819.jpg 1 0 0 86 73
p/1708141275782.jpg 1 0 0 62 65
p/1708141275781.jpg 1 0 0 66 72
p/1708141275770.jpg 1 0 0 92 81
p/1708141275843.jpg 1 0 0 100 99
p/1708141275841.jpg 1 0 0 112 106
p/1708141275840.jpg 1 0 0 86 85
p/1708141275839.jpg 1 0 0 69 60
p/1708141275838.jpg 1 0 0 87 81
p/1708141275846.jpg 1 0 0 151 146
p/1708141275762.jpg 1 0 0 117 140
p/1708141275855.jpg 1 0 0 84 91
p/1708141275854.jpg 1 0 0 107 127
p/1708141275852.jpg 1 0 0 132 181
p/1708141275851.jpg 1 0 0 123 142
p/1708141275850.jpg 1 0 0 94 109
p/1708141275849.jpg 1 0 0 167 157
p/1708141275848.jpg 1 0 0 195 208
p/1708141275847.jpg 1 0 0 122 132
p/1708141275845.jpg 1 0 0 158 180
p/1708141275806.jpg 1 0 0 97 82
p/1708141275805.jpg 1 0 0 111 91
p/1708141275804.jpg 1 0 0 81 63
p/1708141275837.jpg 1 0 0 99 73
p/1708141275803.jpg 1 0 0 126 121
p/1708141275802.jpg 1 0 0 135 129
p/1708141275801.jpg 1 0 0 97 111
p/1708141275800.jpg 1 0 0 117 120
p/1708141275799.jpg 1 0 0 106 117
p/1708141275798.jpg 1 0 0 129 138
p/1708141275796.jpg 1 0 0 133 136
p/1708141275797.jpg 1 0 0 136 139
p/1708141275828.jpg 1 0 0 149 138
p/1708141275792.jpg 1 0 0 144 138
p/1708141275791.jpg 1 0 0 126 133
p/1708141275790.jpg 1 0 0 122 130
p/1708141275789.jpg 1 0 0 117 130
p/1708141275788.jpg 1 0 0 130 135
p/1708141275787.jpg 1 0 0 111 116
p/1708141275785.jpg 1 0 0 146 131
p/1708141275794.jpg 1 0 0 125 142
p/1708141275784.jpg 1 0 0 118 116
p/1708141275795.jpg 1 0 0 97 103
p/1708141275853.png 1 0 0 81 66
p/1708141275842.png 1 0 0 64 58
p/1708141275786.jpg 1 0 0 56 53
p/1708141275793.jpg 1 0 0 94 100
p/1708141275831.png 1 0 0 218 224
p/1708141275763.png 1 0 0 229 205
p/1708141275809.jpg 1 0 0 101 99
p/1708141275819.png 1 0 0 229 195
p/1708141275808.png 1 0 0 221 197
p/1708141275797.png 1 0 0 238 254
p/1708141275764.png 1 0 0 210 193
p/1708141275766.png 1 0 0 210 193
p/1708141275786.png 1 0 0 210 193
p/1708141275765.png 1 0 0 269 208
p/1708141275768.png 1 0 0 269 208
p/1708141275776.png 1 0 0 269 208